2024-02-19 17:21:57,470 - INFO - Script started
2024-02-19 17:22:55,534 - INFO - Script started
2024-02-19 17:23:02,590 - INFO - Generated PDF metadatas for : examples/test_ab_1.PDF
2024-02-19 17:23:02,970 - INFO - Generated PDF test results of: ['Hématies', 'Hémoglobine', 'Hématocrite', 'V.G.M.', 'T.C.M.H.', 'C.C.M.H.', 'Indice Distribution GR', 'Leucocytes', 'Polynucléaires neutrophiles', 'Polynucléaires éosinophiles', 'Polynucléaires basophiles', 'Lymphocytes', 'Monocytes', 'Plaquettes', 'Volume Plaquettaire Moyen', 'Sodium plasmatique', 'Potassium plasmatique', 'Chlore plasmatique', 'Réserve alcaline plasmatique', 'Protéines totales plasmatiques', 'Trou anionique plasmatique', 'LDH (Lactate Deshydrogénase)', 'Créatinine', 'Estimation du DFG selon la formule CKD−EPI', 'CRP (Protéine C Réactive)', 'Recherche Antigène HBs', "Index de l'antigène HBS", 'Recherche anticorps anti−HBs', 'Titre des anticorps anti−HBs', 'Recherche anticorps anti−HBc totaux', 'Index anticorps anti−HBC totaux', 'Recherche des anticorps anti−HCV', 'Index anticorps anti−HCV', 'Recherche des Ac anti-HIV 1/2 + AgP24', 'Index anticorps anti-VIH 1/2 + AgP24', 'Facteurs rhumatoides', 'Auto anticorps anti-nucléaires', 'Anticorps anti-SS-A/Ro']
2024-02-19 17:23:02,970 - INFO - Script ended
2024-02-26 18:14:29,729 - INFO - Script started - line: 25 - process: 47411
2024-02-26 18:16:58,565 - INFO - Script started - line: 25 - process: 47488
2024-02-26 18:16:58,566 - ERROR - Error: PDF path 'PDF_Path' not found. - line: 37 - process: 47488
Traceback (most recent call last):
  File "/Users/maximelangevin/Desktop/Deepia/code/pdf2hprim/pdf2hprim/main.py", line 34, in <module>
    with open(path_pdf, "rb"):
FileNotFoundError: [Errno 2] No such file or directory: 'PDF_Path'
2024-02-26 18:17:07,409 - INFO - Script started - line: 25 - process: 47504
2024-02-26 18:17:07,409 - ERROR - Error: PDF path '-PDF_Path' not found. - line: 37 - process: 47504
Traceback (most recent call last):
  File "/Users/maximelangevin/Desktop/Deepia/code/pdf2hprim/pdf2hprim/main.py", line 34, in <module>
    with open(path_pdf, "rb"):
FileNotFoundError: [Errno 2] No such file or directory: '-PDF_Path'
2024-03-01 14:24:26,339 - INFO - Script started - line: 25 - process: 39867
2024-03-01 14:24:26,540 - INFO - Generated PDF metadatas for : example_alphabio.pdf - line: 51 - process: 39867
2024-03-01 14:24:26,857 - INFO - Generated PDF test results of: ('Hématies', 'Hémoglobine', 'Hématocrite', 'V.G.M.', 'T.C.M.H.', 'C.C.M.H.', 'Indice Distribution GR [AC]', 'Leucocytes [AC]', 'Polynucléaires neutrophiles [AC]', 'Polynucléaires éosinophiles [AC]', 'Polynucléaires basophiles [AC]', 'Lymphocytes [AC]', 'Monocytes [AC]', 'Plaquettes [AC]', 'Volume Plaquettaire Moyen [AC]', 'Sodium plasmatique [AC]', 'Potassium plasmatique [AC]', 'Chlore plasmatique [AC]', 'Réserve alcaline plasmatique [AC]', 'Protéines totales plasmatiques [AC]', 'Trou anionique plasmatique [AC]', 'LDH (Lactate Deshydrogénase) [AC]', 'Créatinine [AC]', 'Estimation du DFG selon la formule CKD−EPI [AC]', 'CRP (Protéine C Réactive) [AC]', 'Recherche Antigène HBs [AC]', "Négatif Index de l'antigène HBS [AC]", 'Recherche anticorps anti−HBs [AC]', 'Positif Titre des anticorps anti−HBs [AC]', 'Recherche anticorps anti−HBc totaux [AC]', 'Négatif Index anticorps anti−HBC totaux [AC]', 'Recherche des anticorps anti−HCV [AC]', 'Négatif Index anticorps anti−HCV [AC]', 'Recherche des Ac anti HIV 1/2 + AgP24 [AC]', 'Négatif Index anticorps anti−VIH 1/2 + AgP24 [AC]', 'Facteurs rhumatoides (FR) [AC]', 'Auto anticorps anti−nucléaires (1)', 'Anticorps anti−SS−A/Ro : ', 'Anticorps anti−SS−B/La : ', 'Anticorps anti−Sm :', 'Anticorps anti−SmRNP : ', 'Anticorps anti−RNP68 :', 'Anticorps anti−Scl−70 :', 'Anticorps anti−Jo−1 :', 'Anticorps anti−nucléosome : ', 'Anticorps anti−ribosome P :', 'Anticorps anti−centromère B : ') - line: 71 - process: 39867
2024-03-01 14:24:26,857 - INFO - Script ended - line: 76 - process: 39867
2024-03-01 14:25:04,437 - INFO - Script started - line: 25 - process: 39918
2024-03-01 14:25:08,709 - INFO - Generated PDF metadatas for : example_alphabio.pdf - line: 51 - process: 39918
2024-03-01 14:25:09,655 - INFO - Generated PDF test results of: ('Hématies', 'Hémoglobine', 'Hématocrite', 'V.G.M.', 'T.C.M.H.', 'C.C.M.H.', 'Indice Distribution GR [AC]', 'Leucocytes [AC]', 'Polynucléaires neutrophiles [AC]', 'Polynucléaires éosinophiles [AC]', 'Polynucléaires basophiles [AC]', 'Lymphocytes [AC]', 'Monocytes [AC]', 'Plaquettes [AC]', 'Volume Plaquettaire Moyen [AC]', 'Sodium plasmatique [AC]', 'Potassium plasmatique [AC]', 'Chlore plasmatique [AC]', 'Réserve alcaline plasmatique [AC]', 'Protéines totales plasmatiques [AC]', 'Trou anionique plasmatique [AC]', 'LDH (Lactate Deshydrogénase) [AC]', 'Créatinine [AC]', 'Estimation du DFG selon la formule CKD−EPI [AC]', 'CRP (Protéine C Réactive) [AC]', 'Recherche Antigène HBs [AC]', "Négatif Index de l'antigène HBS [AC]", 'Recherche anticorps anti−HBs [AC]', 'Positif Titre des anticorps anti−HBs [AC]', 'Recherche anticorps anti−HBc totaux [AC]', 'Négatif Index anticorps anti−HBC totaux [AC]', 'Recherche des anticorps anti−HCV [AC]', 'Négatif Index anticorps anti−HCV [AC]', 'Recherche des Ac anti HIV 1/2 + AgP24 [AC]', 'Négatif Index anticorps anti−VIH 1/2 + AgP24 [AC]', 'Facteurs rhumatoides (FR) [AC]', 'Auto anticorps anti−nucléaires (1)', 'Anticorps anti−SS−A/Ro : ', 'Anticorps anti−SS−B/La : ', 'Anticorps anti−Sm :', 'Anticorps anti−SmRNP : ', 'Anticorps anti−RNP68 :', 'Anticorps anti−Scl−70 :', 'Anticorps anti−Jo−1 :', 'Anticorps anti−nucléosome : ', 'Anticorps anti−ribosome P :', 'Anticorps anti−centromère B : ') - line: 71 - process: 39918
2024-03-01 14:25:09,655 - INFO - Script ended - line: 76 - process: 39918
2024-03-01 14:25:22,953 - INFO - Script started - line: 25 - process: 39952
2024-03-01 14:25:27,170 - INFO - Generated PDF metadatas for : example_alphabio.pdf - line: 51 - process: 39952
2024-03-01 14:25:28,066 - INFO - Generated PDF test results of: ('Hématies', 'Hémoglobine', 'Hématocrite', 'V.G.M.', 'T.C.M.H.', 'C.C.M.H.', 'Indice Distribution GR [AC]', 'Leucocytes [AC]', 'Polynucléaires neutrophiles [AC]', 'Polynucléaires éosinophiles [AC]', 'Polynucléaires basophiles [AC]', 'Lymphocytes [AC]', 'Monocytes [AC]', 'Plaquettes [AC]', 'Volume Plaquettaire Moyen [AC]', 'Sodium plasmatique [AC]', 'Potassium plasmatique [AC]', 'Chlore plasmatique [AC]', 'Réserve alcaline plasmatique [AC]', 'Protéines totales plasmatiques [AC]', 'Trou anionique plasmatique [AC]', 'LDH (Lactate Deshydrogénase) [AC]', 'Créatinine [AC]', 'Estimation du DFG selon la formule CKD−EPI [AC]', 'CRP (Protéine C Réactive) [AC]', 'Recherche Antigène HBs [AC]', "Négatif Index de l'antigène HBS [AC]", 'Recherche anticorps anti−HBs [AC]', 'Positif Titre des anticorps anti−HBs [AC]', 'Recherche anticorps anti−HBc totaux [AC]', 'Négatif Index anticorps anti−HBC totaux [AC]', 'Recherche des anticorps anti−HCV [AC]', 'Négatif Index anticorps anti−HCV [AC]', 'Recherche des Ac anti HIV 1/2 + AgP24 [AC]', 'Négatif Index anticorps anti−VIH 1/2 + AgP24 [AC]', 'Facteurs rhumatoides (FR) [AC]', 'Auto anticorps anti−nucléaires (1)', 'Anticorps anti−SS−A/Ro : ', 'Anticorps anti−SS−B/La : ', 'Anticorps anti−Sm :', 'Anticorps anti−SmRNP : ', 'Anticorps anti−RNP68 :', 'Anticorps anti−Scl−70 :', 'Anticorps anti−Jo−1 :', 'Anticorps anti−nucléosome : ', 'Anticorps anti−ribosome P :', 'Anticorps anti−centromère B : ') - line: 71 - process: 39952
2024-03-01 14:25:28,066 - INFO - Script ended - line: 76 - process: 39952
2024-03-01 14:27:05,416 - INFO - Script started - line: 25 - process: 40060
2024-03-01 14:27:05,604 - INFO - Generated PDF metadatas for : example_alphabio.pdf - line: 51 - process: 40060
2024-03-01 14:27:06,327 - INFO - Generated PDF test results of: ('Hématies', 'Hémoglobine', 'Hématocrite', 'V.G.M.', 'T.C.M.H.', 'C.C.M.H.', 'Indice Distribution GR [AC]', 'Leucocytes [AC]', 'Polynucléaires neutrophiles [AC]', 'Polynucléaires éosinophiles [AC]', 'Polynucléaires basophiles [AC]', 'Lymphocytes [AC]', 'Monocytes [AC]', 'Plaquettes [AC]', 'Volume Plaquettaire Moyen [AC]', 'Sodium plasmatique [AC]', 'Potassium plasmatique [AC]', 'Chlore plasmatique [AC]', 'Réserve alcaline plasmatique [AC]', 'Protéines totales plasmatiques [AC]', 'Trou anionique plasmatique [AC]', 'LDH (Lactate Deshydrogénase) [AC]', 'Créatinine [AC]', 'Estimation du DFG selon la formule CKD-EPI [AC]', 'CRP (Protéine C Réactive) [AC]', 'Recherche Antigène HBs [AC]', "Index de l'antigène HBS [AC]", 'Recherche anticorps anti-HBs [AC]', 'Titre des anticorps anti-HBs [AC]', 'Recherche anticorps anti-HBc totaux [AC]', 'Index anticorps anti-HBC totaux [AC]', 'Recherche des anticorps anti-HCV [AC]', 'Index anticorps anti-HCV [AC]', 'Recherche des Ac anti HIV 1/2 + AgP24 [AC]', 'Index anticorps anti-VIH 1/2 + AgP24 [AC]', 'Facteurs rhumatoides (FR) [AC]', 'Auto anticorps anti-nucléaires (1)', 'Anticorps anti-SS-A/Ro :', 'Anticorps anti-SS-B/La :', 'Anticorps anti-Sm :', 'Anticorps anti-SmRNP :', 'Anticorps anti-RNP68 :', 'Anticorps anti-Scl-70 :', 'Anticorps anti-Jo-1 :', 'Anticorps anti-nucléosome :', 'Anticorps anti-ribosome P :', 'Anticorps anti-centromère B :') - line: 71 - process: 40060
2024-03-01 14:27:06,328 - INFO - Script ended - line: 76 - process: 40060
2024-03-01 23:38:14,730 - INFO - Script started - line: 25 - process: 44946
2024-03-01 23:38:14,960 - INFO - Generated PDF metadatas for : example_alphabio.pdf - line: 51 - process: 44946
2024-03-01 23:38:15,745 - INFO - Generated PDF test results of: ('Hématies', 'Hémoglobine', 'Hématocrite', 'V.G.M.', 'T.C.M.H.', 'C.C.M.H.', 'Indice Distribution GR [AC]', 'Leucocytes [AC]', 'Polynucléaires neutrophiles [AC]', 'Polynucléaires éosinophiles [AC]', 'Polynucléaires basophiles [AC]', 'Lymphocytes [AC]', 'Monocytes [AC]', 'Plaquettes [AC]', 'Volume Plaquettaire Moyen [AC]', 'Sodium plasmatique [AC]', 'Potassium plasmatique [AC]', 'Chlore plasmatique [AC]', 'Réserve alcaline plasmatique [AC]', 'Protéines totales plasmatiques [AC]', 'Trou anionique plasmatique [AC]', 'LDH (Lactate Deshydrogénase) [AC]', 'Créatinine [AC]', 'Estimation du DFG selon la formule CKD-EPI [AC]', 'CRP (Protéine C Réactive) [AC]', 'Recherche Antigène HBs [AC]', "Index de l'antigène HBS [AC]", 'Recherche anticorps anti-HBs [AC]', 'Titre des anticorps anti-HBs [AC]', 'Recherche anticorps anti-HBc totaux [AC]', 'Index anticorps anti-HBC totaux [AC]', 'Recherche des anticorps anti-HCV [AC]', 'Index anticorps anti-HCV [AC]', 'Recherche des Ac anti HIV 1/2 + AgP24 [AC]', 'Index anticorps anti-VIH 1/2 + AgP24 [AC]', 'Facteurs rhumatoides (FR) [AC]', 'Auto anticorps anti-nucléaires (1)', 'Anticorps anti-SS-A/Ro :', 'Anticorps anti-SS-B/La :', 'Anticorps anti-Sm :', 'Anticorps anti-SmRNP :', 'Anticorps anti-RNP68 :', 'Anticorps anti-Scl-70 :', 'Anticorps anti-Jo-1 :', 'Anticorps anti-nucléosome :', 'Anticorps anti-ribosome P :', 'Anticorps anti-centromère B :') - line: 71 - process: 44946
2024-03-01 23:38:15,745 - INFO - Script ended - line: 76 - process: 44946
